Player 1
[1 BASTONI, 2 COPPE, 5 COPPE, 3 DENARI, 2 DENARI, 11 DENARI, 7 DENARI, 3 SPADE, 2 SPADE, 12 SPADE]

Player 2
[3 BASTONI, 5 BASTONI, 3 COPPE, 12 COPPE, 11 COPPE, 4 COPPE, 12 DENARI, 13 SPADE, 7 SPADE, 4 SPADE]

Player 3
[2 BASTONI, 13 BASTONI, 12 BASTONI, 7 BASTONI, 1 COPPE, 13 DENARI, 6 DENARI, 1 SPADE, 6 SPADE, 5 SPADE]

Player 4
[11 BASTONI, 6 BASTONI, 4 BASTONI, 13 COPPE, 7 COPPE, 6 COPPE, 1 DENARI, 5 DENARI, 4 DENARI, 11 SPADE]

Searching for optimal continuation...
memory: 8 MB / 1448 MB
depth: 4
minimax: 5
[12 SPADE, 7 SPADE, 1 SPADE, 11 SPADE]


memory: 8 MB / 1448 MB
depth: 8
minimax: 8
[3 DENARI, 12 DENARI, 13 DENARI, 4 DENARI]
[12 SPADE, 7 SPADE, 1 SPADE, 11 SPADE]


memory: 50 MB / 1448 MB
depth: 12
minimax: 9
[3 DENARI, 12 DENARI, 13 DENARI, 4 DENARI]
[12 SPADE, 7 SPADE, 1 SPADE, 11 SPADE]
[6 SPADE, 7 COPPE, 2 SPADE, 4 SPADE]


memory: 114 MB / 1448 MB
depth: 16
minimax: 16
[3 DENARI, 12 DENARI, 13 DENARI, 4 DENARI]
[12 SPADE, 7 SPADE, 1 SPADE, 11 SPADE]
[6 DENARI, 5 DENARI, 11 DENARI, 5 BASTONI]
[2 DENARI, 4 COPPE, 1 COPPE, 1 DENARI]


memory: 196 MB / 1448 MB
depth: 20
minimax: 17
[3 DENARI, 12 DENARI, 13 DENARI, 4 DENARI]
[12 SPADE, 7 SPADE, 1 SPADE, 11 SPADE]
[6 DENARI, 5 DENARI, 11 DENARI, 5 BASTONI]
[2 SPADE, 4 SPADE, 6 SPADE, 7 COPPE]
[2 DENARI, 4 COPPE, 1 COPPE, 1 DENARI]


memory: 196 MB / 1448 MB
depth: 24
minimax: 19
[3 DENARI, 12 DENARI, 13 DENARI, 4 DENARI]
[12 SPADE, 7 SPADE, 1 SPADE, 11 SPADE]
[6 DENARI, 5 DENARI, 11 DENARI, 5 BASTONI]
[2 SPADE, 13 SPADE, 6 SPADE, 7 COPPE]
[2 DENARI, 4 COPPE, 13 BASTONI, 1 DENARI]
[7 DENARI, 4 SPADE, 1 COPPE, 6 COPPE]


