Player 1
[13 BASTONI, 12 BASTONI, 7 BASTONI, 2 COPPE, 13 COPPE, 6 COPPE, 4 COPPE, 4 DENARI, 3 SPADE, 7 SPADE]

Player 2
[2 BASTONI, 7 COPPE, 3 DENARI, 11 DENARI, 7 DENARI, 1 SPADE, 13 SPADE, 11 SPADE, 6 SPADE, 4 SPADE]

Player 3
[3 BASTONI, 11 BASTONI, 4 BASTONI, 1 COPPE, 12 COPPE, 5 COPPE, 13 DENARI, 6 DENARI, 12 SPADE, 5 SPADE]

Player 4
[1 BASTONI, 6 BASTONI, 5 BASTONI, 3 COPPE, 11 COPPE, 2 DENARI, 1 DENARI, 12 DENARI, 5 DENARI, 2 SPADE]

Searching for continuation... (Greedy)
memory: 203 MB / 1448 MB
depth: 20
minimax: -5
[12 BASTONI, 2 BASTONI, 3 BASTONI, 5 BASTONI]
[12 SPADE, 2 SPADE, 3 SPADE, 4 SPADE]
[6 COPPE, 7 COPPE, 5 COPPE, 3 COPPE]
[1 DENARI, 4 DENARI, 11 DENARI, 6 DENARI]
[1 BASTONI, 7 BASTONI, 1 SPADE, 4 BASTONI]


memory: 203 MB / 1448 MB
depth: 40
minimax: 6
[12 BASTONI, 2 BASTONI, 3 BASTONI, 5 BASTONI]
[12 SPADE, 2 SPADE, 3 SPADE, 4 SPADE]
[6 COPPE, 7 COPPE, 5 COPPE, 3 COPPE]
[1 DENARI, 4 DENARI, 11 DENARI, 6 DENARI]
[1 BASTONI, 7 BASTONI, 1 SPADE, 4 BASTONI]
[6 BASTONI, 13 BASTONI, 7 DENARI, 11 BASTONI]
[13 COPPE, 13 SPADE, 1 COPPE, 11 COPPE]
[12 COPPE, 12 DENARI, 2 COPPE, 3 DENARI]
[4 COPPE, 6 SPADE, 13 DENARI, 5 DENARI]
[7 SPADE, 11 SPADE, 5 SPADE, 2 DENARI]


